Determining if the pthread_create exist failed with the following output:
Change Dir: /home/subbu/Documents/Spring 2020 - CMU/MRSD Project Assignments/programming familiarization/Programming Familiarization Part 1/Folders/build/CMakeFiles/CMakeTmp

Run Build Command:"/usr/bin/make" "cmTC_ab86e/fast"
/usr/bin/make -f CMakeFiles/cmTC_ab86e.dir/build.make CMakeFiles/cmTC_ab86e.dir/build
make[1]: Entering directory '/home/subbu/Documents/Spring 2020 - CMU/MRSD Project Assignments/programming familiarization/Programming Familiarization Part 1/Folders/build/CMakeFiles/CMakeTmp'
Building C object CMakeFiles/cmTC_ab86e.dir/CheckSymbolExists.c.o
/usr/bin/cc     -o CMakeFiles/cmTC_ab86e.dir/CheckSymbolExists.c.o   -c "/home/subbu/Documents/Spring 2020 - CMU/MRSD Project Assignments/programming familiarization/Programming Familiarization Part 1/Folders/build/CMakeFiles/CMakeTmp/CheckSymbolExists.c"
Linking C executable cmTC_ab86e
/usr/bin/cmake -E cmake_link_script CMakeFiles/cmTC_ab86e.dir/link.txt --verbose=1
/usr/bin/cc       CMakeFiles/cmTC_ab86e.dir/CheckSymbolExists.c.o  -o cmTC_ab86e -rdynamic 
CMakeFiles/cmTC_ab86e.dir/CheckSymbolExists.c.o: In function `main':
CheckSymbolExists.c:(.text+0x16): undefined reference to `pthread_create'
collect2: error: ld returned 1 exit status
CMakeFiles/cmTC_ab86e.dir/build.make:97: recipe for target 'cmTC_ab86e' failed
make[1]: *** [cmTC_ab86e] Error 1
make[1]: Leaving directory '/home/subbu/Documents/Spring 2020 - CMU/MRSD Project Assignments/programming familiarization/Programming Familiarization Part 1/Folders/build/CMakeFiles/CMakeTmp'
Makefile:126: recipe for target 'cmTC_ab86e/fast' failed
make: *** [cmTC_ab86e/fast] Error 2

File /home/subbu/Documents/Spring 2020 - CMU/MRSD Project Assignments/programming familiarization/Programming Familiarization Part 1/Folders/build/CMakeFiles/CMakeTmp/CheckSymbolExists.c:
/* */
#include <pthread.h>

int main(int argc, char** argv)
{
  (void)argv;
#ifndef pthread_create
  return ((int*)(&pthread_create))[argc];
#else
  (void)argc;
  return 0;
#endif
}

Determining if the function pthread_create exists in the pthreads failed with the following output:
Change Dir: /home/subbu/Documents/Spring 2020 - CMU/MRSD Project Assignments/programming familiarization/Programming Familiarization Part 1/Folders/build/CMakeFiles/CMakeTmp

Run Build Command:"/usr/bin/make" "cmTC_67b0d/fast"
/usr/bin/make -f CMakeFiles/cmTC_67b0d.dir/build.make CMakeFiles/cmTC_67b0d.dir/build
make[1]: Entering directory '/home/subbu/Documents/Spring 2020 - CMU/MRSD Project Assignments/programming familiarization/Programming Familiarization Part 1/Folders/build/CMakeFiles/CMakeTmp'
Building C object CMakeFiles/cmTC_67b0d.dir/CheckFunctionExists.c.o
/usr/bin/cc    -DCHECK_FUNCTION_EXISTS=pthread_create   -o CMakeFiles/cmTC_67b0d.dir/CheckFunctionExists.c.o   -c /usr/share/cmake-3.5/Modules/CheckFunctionExists.c
Linking C executable cmTC_67b0d
/usr/bin/cmake -E cmake_link_script CMakeFiles/cmTC_67b0d.dir/link.txt --verbose=1
/usr/bin/cc   -DCHECK_FUNCTION_EXISTS=pthread_create    CMakeFiles/cmTC_67b0d.dir/CheckFunctionExists.c.o  -o cmTC_67b0d -rdynamic -lpthreads 
/usr/bin/ld: cannot find -lpthreads
collect2: error: ld returned 1 exit status
CMakeFiles/cmTC_67b0d.dir/build.make:97: recipe for target 'cmTC_67b0d' failed
make[1]: *** [cmTC_67b0d] Error 1
make[1]: Leaving directory '/home/subbu/Documents/Spring 2020 - CMU/MRSD Project Assignments/programming familiarization/Programming Familiarization Part 1/Folders/build/CMakeFiles/CMakeTmp'
Makefile:126: recipe for target 'cmTC_67b0d/fast' failed
make: *** [cmTC_67b0d/fast] Error 2


